<?xml version="1.0" encoding="UTF-8"?>
<!-- Generated by org.testng.reporters.JUnitXMLReporter -->
<testsuite hostname="DTPC134" ignored="0" name="Chrome Home Page Tests" tests="6" failures="1" timestamp="12 Jun 2019 10:44:23 GMT" time="16.644" errors="0">
  <testcase name="CanGoToCSPPage" time="0.213" classname="com.packt.testproject.tests.HomePageTests"/>
  <testcase name="CanGoToContactPage" time="2.184" classname="com.packt.testproject.tests.HomePageTests">
    <failure type="java.lang.AssertionError" message="expected [true] but found [false]">
      <![CDATA[java.lang.AssertionError: expected [true] but found [false]
at com.packt.testproject.tests.HomePageTests.CanGoToContactPage(HomePageTests.java:52)
... Removed 32 stack frames]]>
    </failure>
  </testcase> <!-- CanGoToContactPage -->
  <testcase name="CanGoToHomePage" time="0.027" classname="com.packt.testproject.tests.HomePageTests"/>
  <testcase name="CanGoToISVPage" time="2.852" classname="com.packt.testproject.tests.HomePageTests"/>
  <testcase name="CanGoToMSPPage" time="0.003" classname="com.packt.testproject.tests.HomePageTests"/>
  <testcase name="CanGoToNewsPage" time="1.65" classname="com.packt.testproject.tests.HomePageTests"/>
</testsuite> <!-- Chrome Home Page Tests -->
