<?xml version="1.0" encoding="UTF-8"?>
<testng-results skipped="0" failed="1" ignored="0" total="6" passed="5">
  <reporter-output>
  </reporter-output>
  <suite name="Test Suite Chrome" duration-ms="16644" started-at="2019-06-12T10:44:07Z" finished-at="2019-06-12T10:44:23Z">
    <groups>
    </groups>
    <test name="Chrome Home Page Tests" duration-ms="16644" started-at="2019-06-12T10:44:07Z" finished-at="2019-06-12T10:44:23Z">
      <class name="com.packt.testproject.tests.HomePageTests">
        <test-method status="PASS" signature="initialize()[pri:0, instance:com.packt.testproject.tests.HomePageTests@27305e6]" name="initialize" is-config="true" duration-ms="8540" started-at="2019-06-12T10:44:07Z" finished-at="2019-06-12T10:44:15Z">
          <reporter-output>
          </reporter-output>
        </test-method> <!-- initialize -->
        <test-method status="PASS" signature="setup()[pri:0, instance:com.packt.testproject.tests.HomePageTests@27305e6]" name="setup" is-config="true" duration-ms="206" started-at="2019-06-12T10:44:15Z" depends-on-methods="com.packt.testproject.tests.BaseTest.initialize" finished-at="2019-06-12T10:44:15Z">
          <reporter-output>
          </reporter-output>
        </test-method> <!-- setup -->
        <test-method status="PASS" signature="CanGoToCSPPage()[pri:0, instance:com.packt.testproject.tests.HomePageTests@27305e6]" name="CanGoToCSPPage" duration-ms="213" started-at="2019-06-12T10:44:15Z" finished-at="2019-06-12T10:44:16Z">
          <reporter-output>
          </reporter-output>
        </test-method> <!-- CanGoToCSPPage -->
        <test-method status="FAIL" signature="CanGoToContactPage()[pri:0, instance:com.packt.testproject.tests.HomePageTests@27305e6]" name="CanGoToContactPage" duration-ms="2184" started-at="2019-06-12T10:44:16Z" finished-at="2019-06-12T10:44:18Z">
          <exception class="java.lang.AssertionError">
            <message>
              <![CDATA[expected [true] but found [false]]]>
            </message>
            <full-stacktrace>
              <![CDATA[java.lang.AssertionError: expected [true] but found [false]
at org.testng.Assert.fail(Assert.java:96)
at org.testng.Assert.failNotEquals(Assert.java:776)
at org.testng.Assert.assertTrue(Assert.java:44)
at org.testng.Assert.assertTrue(Assert.java:54)
at com.packt.testproject.tests.HomePageTests.CanGoToContactPage(HomePageTests.java:52)
at sun.reflect.NativeMethodAccessorImpl.invoke0(Native Method)
at sun.reflect.NativeMethodAccessorImpl.invoke(NativeMethodAccessorImpl.java:62)
at sun.reflect.DelegatingMethodAccessorImpl.invoke(DelegatingMethodAccessorImpl.java:43)
at java.lang.reflect.Method.invoke(Method.java:498)
at org.testng.internal.MethodInvocationHelper.invokeMethod(MethodInvocationHelper.java:124)
at org.testng.internal.Invoker.invokeMethod(Invoker.java:583)
at org.testng.internal.Invoker.invokeTestMethod(Invoker.java:719)
at org.testng.internal.Invoker.invokeTestMethods(Invoker.java:989)
at org.testng.internal.TestMethodWorker.invokeTestMethods(TestMethodWorker.java:125)
at org.testng.internal.TestMethodWorker.run(TestMethodWorker.java:109)
at org.testng.TestRunner.privateRun(TestRunner.java:648)
at org.testng.TestRunner.run(TestRunner.java:505)
at org.testng.SuiteRunner.runTest(SuiteRunner.java:455)
at org.testng.SuiteRunner.runSequentially(SuiteRunner.java:450)
at org.testng.SuiteRunner.privateRun(SuiteRunner.java:415)
at org.testng.SuiteRunner.run(SuiteRunner.java:364)
at org.testng.SuiteRunnerWorker.runSuite(SuiteRunnerWorker.java:52)
at org.testng.SuiteRunnerWorker.run(SuiteRunnerWorker.java:84)
at org.testng.TestNG.runSuitesSequentially(TestNG.java:1208)
at org.testng.TestNG.runSuitesLocally(TestNG.java:1137)
at org.testng.TestNG.runSuites(TestNG.java:1049)
at org.testng.TestNG.run(TestNG.java:1017)
at org.apache.maven.surefire.testng.TestNGExecutor.run(TestNGExecutor.java:281)
at org.apache.maven.surefire.testng.TestNGXmlTestSuite.execute(TestNGXmlTestSuite.java:75)
at org.apache.maven.surefire.testng.TestNGProvider.invoke(TestNGProvider.java:121)
at org.apache.maven.surefire.booter.ForkedBooter.invokeProviderInSameClassLoader(ForkedBooter.java:290)
at org.apache.maven.surefire.booter.ForkedBooter.runSuitesInProcess(ForkedBooter.java:242)
at org.apache.maven.surefire.booter.ForkedBooter.main(ForkedBooter.java:121)
]]>
            </full-stacktrace>
          </exception> <!-- java.lang.AssertionError -->
          <reporter-output>
          </reporter-output>
        </test-method> <!-- CanGoToContactPage -->
        <test-method status="PASS" signature="CanGoToHomePage()[pri:0, instance:com.packt.testproject.tests.HomePageTests@27305e6]" name="CanGoToHomePage" duration-ms="27" started-at="2019-06-12T10:44:18Z" finished-at="2019-06-12T10:44:18Z">
          <reporter-output>
          </reporter-output>
        </test-method> <!-- CanGoToHomePage -->
        <test-method status="PASS" signature="CanGoToISVPage()[pri:0, instance:com.packt.testproject.tests.HomePageTests@27305e6]" name="CanGoToISVPage" duration-ms="2852" started-at="2019-06-12T10:44:18Z" finished-at="2019-06-12T10:44:21Z">
          <reporter-output>
          </reporter-output>
        </test-method> <!-- CanGoToISVPage -->
        <test-method status="PASS" signature="CanGoToMSPPage()[pri:0, instance:com.packt.testproject.tests.HomePageTests@27305e6]" name="CanGoToMSPPage" duration-ms="3" started-at="2019-06-12T10:44:21Z" finished-at="2019-06-12T10:44:21Z">
          <reporter-output>
          </reporter-output>
        </test-method> <!-- CanGoToMSPPage -->
        <test-method status="PASS" signature="CanGoToNewsPage()[pri:0, instance:com.packt.testproject.tests.HomePageTests@27305e6]" name="CanGoToNewsPage" duration-ms="1650" started-at="2019-06-12T10:44:21Z" finished-at="2019-06-12T10:44:22Z">
          <reporter-output>
          </reporter-output>
        </test-method> <!-- CanGoToNewsPage -->
        <test-method status="PASS" signature="close()[pri:0, instance:com.packt.testproject.tests.HomePageTests@27305e6]" name="close" is-config="true" duration-ms="738" started-at="2019-06-12T10:44:22Z" finished-at="2019-06-12T10:44:23Z">
          <reporter-output>
          </reporter-output>
        </test-method> <!-- close -->
      </class> <!-- com.packt.testproject.tests.HomePageTests -->
    </test> <!-- Chrome Home Page Tests -->
  </suite> <!-- Test Suite Chrome -->
</testng-results>
